Using pre-set license
Built from '2020.3/staging' branch; Version is '2020.3.32f1 (12f8b0834f07) revision 1243312'; Using compiler version '192528614'; Build Type 'Release'
OS: 'Windows 10  (10.0.19044) 64bit Professional' Language: 'en' Physical Memory: 16238 MB
BatchMode: 1, IsHumanControllingUs: 0, StartBugReporterOnCrash: 0, Is64bit: 1, IsPro: 0

COMMAND LINE ARGUMENTS:
C:\Program Files\Unity\Hub\Editor\2020.3.32f1\Editor\Unity.exe
-adb2
-batchMode
-noUpm
-name
AssetImportWorker0
-projectPath
C:/Users/frknmct/Desktop/HyperCasual/CableMania
-logFile
Logs/AssetImportWorker0.log
-srvPort
54624
Successfully changed project path to: C:/Users/frknmct/Desktop/HyperCasual/CableMania
C:/Users/frknmct/Desktop/HyperCasual/CableMania
Using Asset Import Pipeline V2.
Refreshing native plugins compatible for Editor in 193.51 ms, found 2 plugins.
Preloading 0 native plugins for Editor in 0.00 ms.
Initialize engine version: 2020.3.32f1 (12f8b0834f07)
[Subsystems] Discovering subsystems at path C:/Program Files/Unity/Hub/Editor/2020.3.32f1/Editor/Data/Resources/UnitySubsystems
[Subsystems] Discovering subsystems at path C:/Users/frknmct/Desktop/HyperCasual/CableMania/Assets
GfxDevice: creating device client; threaded=0
Direct3D:
    Version:  Direct3D 11.0 [level 11.1]
    Renderer: NVIDIA GeForce GTX 1650 (ID=0x1f91)
    Vendor:   
    VRAM:     3962 MB
    Driver:   30.0.15.1289
Initialize mono
Mono path[0] = 'C:/Program Files/Unity/Hub/Editor/2020.3.32f1/Editor/Data/Managed'
Mono path[1] = 'C:/Program Files/Unity/Hub/Editor/2020.3.32f1/Editor/Data/MonoBleedingEdge/lib/mono/unityjit'
Mono config path = 'C:/Program Files/Unity/Hub/Editor/2020.3.32f1/Editor/Data/MonoBleedingEdge/etc'
Using monoOptions --debugger-agent=transport=dt_socket,embedding=1,server=y,suspend=n,address=127.0.0.1:56812
Begin MonoManager ReloadAssembly
Registering precompiled unity dll's ...
Register platform support module: C:/Program Files/Unity/Hub/Editor/2020.3.32f1/Editor/Data/PlaybackEngines/WindowsStandaloneSupport/UnityEditor.WindowsStandalone.Extensions.dll
Registered in 0.009095 seconds.
Native extension for WindowsStandalone target not found
Refreshing native plugins compatible for Editor in 84.58 ms, found 2 plugins.
Preloading 0 native plugins for Editor in 0.00 ms.
Mono: successfully reloaded assembly
- Completed reload, in  2.120 seconds
Domain Reload Profiling:
	ReloadAssembly (2120ms)
		BeginReloadAssembly (198ms)
			ExecutionOrderSort (0ms)
			DisableScriptedObjects (0ms)
			BackupInstance (0ms)
			ReleaseScriptingObjects (0ms)
			CreateAndSetChildDomain (3ms)
		EndReloadAssembly (1730ms)
			LoadAssemblies (188ms)
			RebuildTransferFunctionScriptingTraits (0ms)
			SetupTypeCache (734ms)
			ReleaseScriptCaches (0ms)
			RebuildScriptCaches (146ms)
			SetupLoadedEditorAssemblies (463ms)
				LogAssemblyErrors (0ms)
				InitializePlatformSupportModulesInManaged (29ms)
				SetLoadedEditorAssemblies (1ms)
				RefreshPlugins (85ms)
				BeforeProcessingInitializeOnLoad (22ms)
				ProcessInitializeOnLoadAttributes (242ms)
				ProcessInitializeOnLoadMethodAttributes (83ms)
				AfterProcessingInitializeOnLoad (0ms)
				EditorAssembliesLoaded (1ms)
			ExecutionOrderSort2 (0ms)
			AwakeInstancesAfterBackupRestoration (0ms)
Platform modules already initialized, skipping
Registering precompiled user dll's ...
Registered in 0.013071 seconds.
Begin MonoManager ReloadAssembly
Native extension for WindowsStandalone target not found
Refreshing native plugins compatible for Editor in 0.58 ms, found 2 plugins.
Preloading 0 native plugins for Editor in 0.00 ms.
Mono: successfully reloaded assembly
- Completed reload, in  3.093 seconds
Domain Reload Profiling:
	ReloadAssembly (3096ms)
		BeginReloadAssembly (661ms)
			ExecutionOrderSort (0ms)
			DisableScriptedObjects (19ms)
			BackupInstance (0ms)
			ReleaseScriptingObjects (0ms)
			CreateAndSetChildDomain (33ms)
		EndReloadAssembly (2262ms)
			LoadAssemblies (408ms)
			RebuildTransferFunctionScriptingTraits (0ms)
			SetupTypeCache (831ms)
			ReleaseScriptCaches (1ms)
			RebuildScriptCaches (77ms)
			SetupLoadedEditorAssemblies (836ms)
				LogAssemblyErrors (0ms)
				InitializePlatformSupportModulesInManaged (11ms)
				SetLoadedEditorAssemblies (1ms)
				RefreshPlugins (1ms)
				BeforeProcessingInitializeOnLoad (338ms)
				ProcessInitializeOnLoadAttributes (406ms)
				ProcessInitializeOnLoadMethodAttributes (41ms)
				AfterProcessingInitializeOnLoad (36ms)
				EditorAssembliesLoaded (1ms)
			ExecutionOrderSort2 (0ms)
			AwakeInstancesAfterBackupRestoration (31ms)
Platform modules already initialized, skipping
========================================================================
Worker process is ready to serve import requests
Launched and connected shader compiler UnityShaderCompiler.exe after 0.20 seconds
Refreshing native plugins compatible for Editor in 0.74 ms, found 2 plugins.
Preloading 0 native plugins for Editor in 0.00 ms.
Unloading 1525 Unused Serialized files (Serialized files now loaded: 0)
System memory in use before: 72.4 MB.
System memory in use after: 72.5 MB.

Unloading 16 unused Assets to reduce memory usage. Loaded Objects now: 1962.
Total: 4.355900 ms (FindLiveObjects: 0.181200 ms CreateObjectMapping: 0.072100 ms MarkObjects: 3.994700 ms  DeleteObjects: 0.104100 ms)

AssetImportParameters requested are different than current active one (requested -> active):
  custom:framework-win-MediaFoundation: 216162199b28c13a410421893ffa2e32 -> 
  custom:video-decoder-ogg-theora: a1e56fd34408186e4bbccfd4996cb3dc -> 
  custom:container-muxer-webm: aa71ff27fc2769a1b78a27578f13a17b -> 
  custom:container-demuxer-webm: 4f35f7cbe854078d1ac9338744f61a02 -> 
  custom:container-demuxer-ogg: 62fdf1f143b41e24485cea50d1cbac27 -> 
  custom:video-encoder-webm-vp8: eb34c28f22e8b96e1ab97ce403110664 -> 
  custom:video-decoder-webm-vp8: 9c59270c3fd7afecdb556c50c9e8de78 -> 
  custom:audio-decoder-ogg-vorbis: bf7c407c2cedff20999df2af8eb42d56 -> 
  custom:audio-encoder-webm-vorbis: bf7c407c2cedff20999df2af8eb42d56 -> 
========================================================================
Received Import Request.
  path: Assets/Panels
  artifactKey: Guid(72f9a6dbbd3055945a41cc7fd964051b) Importer(815301076,1909f56bfc062723c751e8b465ee728b)
Start importing Assets/Panels using Guid(72f9a6dbbd3055945a41cc7fd964051b) Importer(815301076,1909f56bfc062723c751e8b465ee728b)  -> (artifact id: '1cc86720a48cbd9ca500875c74fe948e') in 0.008236 seconds 
========================================================================
Received Import Request.
  Time since last request: 4.192829 seconds.
  path: Assets/Panels/StopPanel.prefab
  artifactKey: Guid(bdf0f9743c858e94295824af94513d44) Importer(815301076,1909f56bfc062723c751e8b465ee728b)
Start importing Assets/Panels/StopPanel.prefab using Guid(bdf0f9743c858e94295824af94513d44) Importer(815301076,1909f56bfc062723c751e8b465ee728b)  -> (artifact id: '284c10d727ac2a3275bf5a2af8c556f1') in 0.357036 seconds 
========================================================================
Received Import Request.
  Time since last request: 2.118458 seconds.
  path: Assets/Panels/WinPanel.prefab
  artifactKey: Guid(6d780b015a9d6784e8cf74ee945fc07c) Importer(815301076,1909f56bfc062723c751e8b465ee728b)
Start importing Assets/Panels/WinPanel.prefab using Guid(6d780b015a9d6784e8cf74ee945fc07c) Importer(815301076,1909f56bfc062723c751e8b465ee728b)  -> (artifact id: '4a5c20a3f1979c049dfdcb33c163f80b') in 0.057201 seconds 
========================================================================
Received Import Request.
  Time since last request: 2.162484 seconds.
  path: Assets/Panels/LosePanel.prefab
  artifactKey: Guid(1a9668d311a54b3429855facad8f05d1) Importer(815301076,1909f56bfc062723c751e8b465ee728b)
Start importing Assets/Panels/LosePanel.prefab using Guid(1a9668d311a54b3429855facad8f05d1) Importer(815301076,1909f56bfc062723c751e8b465ee728b)  -> (artifact id: '8c35701d8a747d55023804143c8bab77') in 0.061595 seconds 
========================================================================
Received Import Request.
  Time since last request: 296.266816 seconds.
  path: Assets/Panels/TopBar.prefab
  artifactKey: Guid(982eb0a8514545248b39e5afd08beb87) Importer(815301076,1909f56bfc062723c751e8b465ee728b)
Start importing Assets/Panels/TopBar.prefab using Guid(982eb0a8514545248b39e5afd08beb87) Importer(815301076,1909f56bfc062723c751e8b465ee728b)  -> (artifact id: '9d287eaece7dc212a5649a24dbf6e119') in 0.129134 seconds 
AssetImportWorkerClient::OnTransportError - code=2 error=End of file
